<?xml version="1.0" encoding="UTF-8"?>
<!-- Generated by org.testng.reporters.JUnitXMLReporter -->
<testsuite hostname="BNGECO-L-89617" ignored="0" name="training" tests="3" failures="1" timestamp="2021-09-13T08:21:41 IST" time="0.058" errors="0">
  <testcase name="login" time="0.009" classname="com.training.testng.TestNGExample">
    <failure type="java.lang.ArithmeticException" message="/ by zero">
      <![CDATA[java.lang.ArithmeticException: / by zero
at com.training.testng.TestNGExample.login(TestNGExample.java:10)
at java.util.ArrayList.forEach(ArrayList.java:1257)
... Removed 27 stack frames]]>
    </failure>
  </testcase> <!-- login -->
  <testcase name="composeEmail" time="0.0" classname="com.training.testng.TestNGExample">
    <skipped/>
  </testcase> <!-- composeEmail -->
  <testcase name="logoutApp" time="0.0" classname="com.training.testng.TestNGExample">
    <skipped/>
  </testcase> <!-- logoutApp -->
</testsuite> <!-- training -->
